<?xml version="1.0" encoding="UTF-8"?>
<testng-results skipped="0" failed="0" total="20" passed="20">
  <reporter-output>
  </reporter-output>
  <suite name="Suite" duration-ms="23" started-at="2018-01-17T02:18:09Z" finished-at="2018-01-17T02:18:09Z">
    <groups>
    </groups>
    <test name="Test" duration-ms="23" started-at="2018-01-17T02:18:09Z" finished-at="2018-01-17T02:18:09Z">
      <class name="com.mentoring.tests.TestCalculator">
        <test-method status="PASS" signature="beforeMethod()[pri:0, instance:com.mentoring.tests.TestCalculator@59f95c5d]" name="beforeMethod" is-config="true" duration-ms="9" started-at="2018-01-17T07:48:09Z" finished-at="2018-01-17T07:48:09Z">
          <reporter-output>
          </reporter-output>
        </test-method> <!-- beforeMethod -->
        <test-method status="PASS" signature="addition(java.lang.Integer, java.lang.Integer)[pri:0, instance:com.mentoring.tests.TestCalculator@59f95c5d]" name="addition" duration-ms="2" started-at="2018-01-17T07:48:09Z" data-provider="dp" finished-at="2018-01-17T07:48:09Z">
          <params>
            <param index="0">
              <value>
                <![CDATA[10]]>
              </value>
            </param>
            <param index="1">
              <value>
                <![CDATA[2]]>
              </value>
            </param>
          </params>
          <reporter-output>
          </reporter-output>
        </test-method> <!-- addition -->
        <test-method status="PASS" signature="afterMethod()[pri:0, instance:com.mentoring.tests.TestCalculator@59f95c5d]" name="afterMethod" is-config="true" duration-ms="1" started-at="2018-01-17T07:48:09Z" finished-at="2018-01-17T07:48:09Z">
          <reporter-output>
          </reporter-output>
        </test-method> <!-- afterMethod -->
        <test-method status="PASS" signature="beforeMethod()[pri:0, instance:com.mentoring.tests.TestCalculator@59f95c5d]" name="beforeMethod" is-config="true" duration-ms="0" started-at="2018-01-17T07:48:09Z" finished-at="2018-01-17T07:48:09Z">
          <reporter-output>
          </reporter-output>
        </test-method> <!-- beforeMethod -->
        <test-method status="PASS" signature="addition(java.lang.Integer, java.lang.Integer)[pri:0, instance:com.mentoring.tests.TestCalculator@59f95c5d]" name="addition" duration-ms="0" started-at="2018-01-17T07:48:09Z" data-provider="dp" finished-at="2018-01-17T07:48:09Z">
          <params>
            <param index="0">
              <value>
                <![CDATA[20]]>
              </value>
            </param>
            <param index="1">
              <value>
                <![CDATA[3]]>
              </value>
            </param>
          </params>
          <reporter-output>
          </reporter-output>
        </test-method> <!-- addition -->
        <test-method status="PASS" signature="afterMethod()[pri:0, instance:com.mentoring.tests.TestCalculator@59f95c5d]" name="afterMethod" is-config="true" duration-ms="0" started-at="2018-01-17T07:48:09Z" finished-at="2018-01-17T07:48:09Z">
          <reporter-output>
          </reporter-output>
        </test-method> <!-- afterMethod -->
        <test-method status="PASS" signature="beforeMethod()[pri:0, instance:com.mentoring.tests.TestCalculator@59f95c5d]" name="beforeMethod" is-config="true" duration-ms="1" started-at="2018-01-17T07:48:09Z" finished-at="2018-01-17T07:48:09Z">
          <reporter-output>
          </reporter-output>
        </test-method> <!-- beforeMethod -->
        <test-method status="PASS" signature="division(java.lang.Integer, java.lang.Integer)[pri:0, instance:com.mentoring.tests.TestCalculator@59f95c5d]" name="division" duration-ms="0" started-at="2018-01-17T07:48:09Z" data-provider="dp" finished-at="2018-01-17T07:48:09Z">
          <params>
            <param index="0">
              <value>
                <![CDATA[10]]>
              </value>
            </param>
            <param index="1">
              <value>
                <![CDATA[2]]>
              </value>
            </param>
          </params>
          <reporter-output>
          </reporter-output>
        </test-method> <!-- division -->
        <test-method status="PASS" signature="afterMethod()[pri:0, instance:com.mentoring.tests.TestCalculator@59f95c5d]" name="afterMethod" is-config="true" duration-ms="1" started-at="2018-01-17T07:48:09Z" finished-at="2018-01-17T07:48:09Z">
          <reporter-output>
          </reporter-output>
        </test-method> <!-- afterMethod -->
        <test-method status="PASS" signature="afterMethod()[pri:0, instance:com.mentoring.tests.TestCalculator@59f95c5d]" name="afterMethod" is-config="true" duration-ms="1" started-at="2018-01-17T07:48:09Z" finished-at="2018-01-17T07:48:09Z">
          <reporter-output>
          </reporter-output>
        </test-method> <!-- afterMethod -->
        <test-method status="PASS" signature="division(java.lang.Integer, java.lang.Integer)[pri:0, instance:com.mentoring.tests.TestCalculator@59f95c5d]" name="division" duration-ms="0" started-at="2018-01-17T07:48:09Z" data-provider="dp" finished-at="2018-01-17T07:48:09Z">
          <params>
            <param index="0">
              <value>
                <![CDATA[20]]>
              </value>
            </param>
            <param index="1">
              <value>
                <![CDATA[3]]>
              </value>
            </param>
          </params>
          <reporter-output>
          </reporter-output>
        </test-method> <!-- division -->
        <test-method status="PASS" signature="beforeMethod()[pri:0, instance:com.mentoring.tests.TestCalculator@59f95c5d]" name="beforeMethod" is-config="true" duration-ms="0" started-at="2018-01-17T07:48:09Z" finished-at="2018-01-17T07:48:09Z">
          <reporter-output>
          </reporter-output>
        </test-method> <!-- beforeMethod -->
        <test-method status="PASS" signature="beforeMethod()[pri:0, instance:com.mentoring.tests.TestCalculator@59f95c5d]" name="beforeMethod" is-config="true" duration-ms="0" started-at="2018-01-17T07:48:09Z" finished-at="2018-01-17T07:48:09Z">
          <reporter-output>
          </reporter-output>
        </test-method> <!-- beforeMethod -->
        <test-method status="PASS" signature="divisionByZero()[pri:0, instance:com.mentoring.tests.TestCalculator@59f95c5d]" name="divisionByZero" duration-ms="1" started-at="2018-01-17T07:48:09Z" finished-at="2018-01-17T07:48:09Z">
          <exception class="java.lang.NumberFormatException">
            <message>
              <![CDATA[Attempt to divide by zero]]>
            </message>
            <full-stacktrace>
              <![CDATA[java.lang.NumberFormatException: Attempt to divide by zero
	at com.epam.tat.module4.Calculator.div(Calculator.java:34)
	at com.mentoring.tests.TestCalculator.divisionByZero(TestCalculator.java:49)
	at sun.reflect.NativeMethodAccessorImpl.invoke0(Native Method)
	at sun.reflect.NativeMethodAccessorImpl.invoke(Unknown Source)
	at sun.reflect.DelegatingMethodAccessorImpl.invoke(Unknown Source)
	at java.lang.reflect.Method.invoke(Unknown Source)
	at org.testng.internal.MethodInvocationHelper.invokeMethod(MethodInvocationHelper.java:80)
	at org.testng.internal.Invoker.invokeMethod(Invoker.java:714)
	at org.testng.internal.Invoker.invokeTestMethod(Invoker.java:901)
	at org.testng.internal.Invoker.invokeTestMethods(Invoker.java:1231)
	at org.testng.internal.TestMethodWorker.invokeTestMethods(TestMethodWorker.java:127)
	at org.testng.internal.TestMethodWorker.run(TestMethodWorker.java:111)
	at org.testng.TestRunner.privateRun(TestRunner.java:767)
	at org.testng.TestRunner.run(TestRunner.java:617)
	at org.testng.SuiteRunner.runTest(SuiteRunner.java:334)
	at org.testng.SuiteRunner.runSequentially(SuiteRunner.java:329)
	at org.testng.SuiteRunner.privateRun(SuiteRunner.java:291)
	at org.testng.SuiteRunner.run(SuiteRunner.java:240)
	at org.testng.SuiteRunnerWorker.runSuite(SuiteRunnerWorker.java:52)
	at org.testng.SuiteRunnerWorker.run(SuiteRunnerWorker.java:86)
	at org.testng.TestNG.runSuitesSequentially(TestNG.java:1198)
	at org.testng.TestNG.runSuitesSequentially(TestNG.java:1194)
	at org.testng.TestNG.runSuitesLocally(TestNG.java:1123)
	at org.testng.TestNG.run(TestNG.java:1031)
	at com.mentoring.tests.runner.Runner.main(Runner.java:32)
]]>
            </full-stacktrace>
          </exception> <!-- java.lang.NumberFormatException -->
          <reporter-output>
          </reporter-output>
        </test-method> <!-- divisionByZero -->
        <test-method status="PASS" signature="afterMethod()[pri:0, instance:com.mentoring.tests.TestCalculator@59f95c5d]" name="afterMethod" is-config="true" duration-ms="0" started-at="2018-01-17T07:48:09Z" finished-at="2018-01-17T07:48:09Z">
          <reporter-output>
          </reporter-output>
        </test-method> <!-- afterMethod -->
        <test-method status="PASS" signature="multiplication(java.lang.Integer, java.lang.Integer)[pri:0, instance:com.mentoring.tests.TestCalculator@59f95c5d]" name="multiplication" duration-ms="0" started-at="2018-01-17T07:48:09Z" data-provider="dp" finished-at="2018-01-17T07:48:09Z">
          <params>
            <param index="0">
              <value>
                <![CDATA[10]]>
              </value>
            </param>
            <param index="1">
              <value>
                <![CDATA[2]]>
              </value>
            </param>
          </params>
          <reporter-output>
          </reporter-output>
        </test-method> <!-- multiplication -->
        <test-method status="PASS" signature="beforeMethod()[pri:0, instance:com.mentoring.tests.TestCalculator@59f95c5d]" name="beforeMethod" is-config="true" duration-ms="0" started-at="2018-01-17T07:48:09Z" finished-at="2018-01-17T07:48:09Z">
          <reporter-output>
          </reporter-output>
        </test-method> <!-- beforeMethod -->
        <test-method status="PASS" signature="multiplication(java.lang.Integer, java.lang.Integer)[pri:0, instance:com.mentoring.tests.TestCalculator@59f95c5d]" name="multiplication" duration-ms="1" started-at="2018-01-17T07:48:09Z" data-provider="dp" finished-at="2018-01-17T07:48:09Z">
          <params>
            <param index="0">
              <value>
                <![CDATA[20]]>
              </value>
            </param>
            <param index="1">
              <value>
                <![CDATA[3]]>
              </value>
            </param>
          </params>
          <reporter-output>
          </reporter-output>
        </test-method> <!-- multiplication -->
        <test-method status="PASS" signature="afterMethod()[pri:0, instance:com.mentoring.tests.TestCalculator@59f95c5d]" name="afterMethod" is-config="true" duration-ms="0" started-at="2018-01-17T07:48:09Z" finished-at="2018-01-17T07:48:09Z">
          <reporter-output>
          </reporter-output>
        </test-method> <!-- afterMethod -->
        <test-method status="PASS" signature="beforeMethod()[pri:0, instance:com.mentoring.tests.TestCalculator@59f95c5d]" name="beforeMethod" is-config="true" duration-ms="0" started-at="2018-01-17T07:48:09Z" finished-at="2018-01-17T07:48:09Z">
          <reporter-output>
          </reporter-output>
        </test-method> <!-- beforeMethod -->
        <test-method status="PASS" signature="afterMethod()[pri:0, instance:com.mentoring.tests.TestCalculator@59f95c5d]" name="afterMethod" is-config="true" duration-ms="0" started-at="2018-01-17T07:48:09Z" finished-at="2018-01-17T07:48:09Z">
          <reporter-output>
          </reporter-output>
        </test-method> <!-- afterMethod -->
        <test-method status="PASS" signature="beforeMethod()[pri:0, instance:com.mentoring.tests.TestCalculator@59f95c5d]" name="beforeMethod" is-config="true" duration-ms="0" started-at="2018-01-17T07:48:09Z" finished-at="2018-01-17T07:48:09Z">
          <reporter-output>
          </reporter-output>
        </test-method> <!-- beforeMethod -->
        <test-method status="PASS" signature="squareRoot(java.lang.String)[pri:0, instance:com.mentoring.tests.TestCalculator@59f95c5d]" name="squareRoot" duration-ms="0" started-at="2018-01-17T07:48:09Z" finished-at="2018-01-17T07:48:09Z">
          <params>
            <param index="0">
              <value>
                <![CDATA[49]]>
              </value>
            </param>
          </params>
          <reporter-output>
          </reporter-output>
        </test-method> <!-- squareRoot -->
        <test-method status="PASS" signature="afterMethod()[pri:0, instance:com.mentoring.tests.TestCalculator@59f95c5d]" name="afterMethod" is-config="true" duration-ms="0" started-at="2018-01-17T07:48:09Z" finished-at="2018-01-17T07:48:09Z">
          <reporter-output>
          </reporter-output>
        </test-method> <!-- afterMethod -->
        <test-method status="PASS" signature="subtract(java.lang.Integer, java.lang.Integer)[pri:0, instance:com.mentoring.tests.TestCalculator@59f95c5d]" name="subtract" duration-ms="0" started-at="2018-01-17T07:48:09Z" data-provider="dp" finished-at="2018-01-17T07:48:09Z">
          <params>
            <param index="0">
              <value>
                <![CDATA[10]]>
              </value>
            </param>
            <param index="1">
              <value>
                <![CDATA[2]]>
              </value>
            </param>
          </params>
          <reporter-output>
          </reporter-output>
        </test-method> <!-- subtract -->
        <test-method status="PASS" signature="beforeMethod()[pri:0, instance:com.mentoring.tests.TestCalculator@59f95c5d]" name="beforeMethod" is-config="true" duration-ms="0" started-at="2018-01-17T07:48:09Z" finished-at="2018-01-17T07:48:09Z">
          <reporter-output>
          </reporter-output>
        </test-method> <!-- beforeMethod -->
        <test-method status="PASS" signature="beforeMethod()[pri:0, instance:com.mentoring.tests.TestCalculator@59f95c5d]" name="beforeMethod" is-config="true" duration-ms="0" started-at="2018-01-17T07:48:09Z" finished-at="2018-01-17T07:48:09Z">
          <reporter-output>
          </reporter-output>
        </test-method> <!-- beforeMethod -->
        <test-method status="PASS" signature="afterMethod()[pri:0, instance:com.mentoring.tests.TestCalculator@59f95c5d]" name="afterMethod" is-config="true" duration-ms="0" started-at="2018-01-17T07:48:09Z" finished-at="2018-01-17T07:48:09Z">
          <reporter-output>
          </reporter-output>
        </test-method> <!-- afterMethod -->
        <test-method status="PASS" signature="subtract(java.lang.Integer, java.lang.Integer)[pri:0, instance:com.mentoring.tests.TestCalculator@59f95c5d]" name="subtract" duration-ms="0" started-at="2018-01-17T07:48:09Z" data-provider="dp" finished-at="2018-01-17T07:48:09Z">
          <params>
            <param index="0">
              <value>
                <![CDATA[20]]>
              </value>
            </param>
            <param index="1">
              <value>
                <![CDATA[3]]>
              </value>
            </param>
          </params>
          <reporter-output>
          </reporter-output>
        </test-method> <!-- subtract -->
        <test-method status="PASS" signature="afterMethod()[pri:0, instance:com.mentoring.tests.TestCalculator@59f95c5d]" name="afterMethod" is-config="true" duration-ms="0" started-at="2018-01-17T07:48:09Z" finished-at="2018-01-17T07:48:09Z">
          <reporter-output>
          </reporter-output>
        </test-method> <!-- afterMethod -->
        <test-method status="PASS" signature="beforeMethod()[pri:0, instance:com.mentoring.tests.TestCalculator@59f95c5d]" name="beforeMethod" is-config="true" duration-ms="1" started-at="2018-01-17T07:48:09Z" finished-at="2018-01-17T07:48:09Z">
          <reporter-output>
          </reporter-output>
        </test-method> <!-- beforeMethod -->
        <test-method status="PASS" signature="afterMethod()[pri:0, instance:com.mentoring.tests.TestCalculator@59f95c5d]" name="afterMethod" is-config="true" duration-ms="0" started-at="2018-01-17T07:48:09Z" finished-at="2018-01-17T07:48:09Z">
          <reporter-output>
          </reporter-output>
        </test-method> <!-- afterMethod -->
        <test-method status="PASS" signature="addition(java.lang.Integer, java.lang.Integer)[pri:0, instance:com.mentoring.tests.TestCalculator@59f95c5d]" name="addition" duration-ms="0" started-at="2018-01-17T07:48:09Z" data-provider="dp" finished-at="2018-01-17T07:48:09Z">
          <params>
            <param index="0">
              <value>
                <![CDATA[10]]>
              </value>
            </param>
            <param index="1">
              <value>
                <![CDATA[2]]>
              </value>
            </param>
          </params>
          <reporter-output>
          </reporter-output>
        </test-method> <!-- addition -->
        <test-method status="PASS" signature="beforeMethod()[pri:0, instance:com.mentoring.tests.TestCalculator@59f95c5d]" name="beforeMethod" is-config="true" duration-ms="0" started-at="2018-01-17T07:48:09Z" finished-at="2018-01-17T07:48:09Z">
          <reporter-output>
          </reporter-output>
        </test-method> <!-- beforeMethod -->
        <test-method status="PASS" signature="afterMethod()[pri:0, instance:com.mentoring.tests.TestCalculator@59f95c5d]" name="afterMethod" is-config="true" duration-ms="1" started-at="2018-01-17T07:48:09Z" finished-at="2018-01-17T07:48:09Z">
          <reporter-output>
          </reporter-output>
        </test-method> <!-- afterMethod -->
        <test-method status="PASS" signature="addition(java.lang.Integer, java.lang.Integer)[pri:0, instance:com.mentoring.tests.TestCalculator@59f95c5d]" name="addition" duration-ms="0" started-at="2018-01-17T07:48:09Z" data-provider="dp" finished-at="2018-01-17T07:48:09Z">
          <params>
            <param index="0">
              <value>
                <![CDATA[20]]>
              </value>
            </param>
            <param index="1">
              <value>
                <![CDATA[3]]>
              </value>
            </param>
          </params>
          <reporter-output>
          </reporter-output>
        </test-method> <!-- addition -->
        <test-method status="PASS" signature="beforeMethod()[pri:0, instance:com.mentoring.tests.TestCalculator@59f95c5d]" name="beforeMethod" is-config="true" duration-ms="3" started-at="2018-01-17T07:48:09Z" finished-at="2018-01-17T07:48:09Z">
          <reporter-output>
          </reporter-output>
        </test-method> <!-- beforeMethod -->
        <test-method status="PASS" signature="division(java.lang.Integer, java.lang.Integer)[pri:0, instance:com.mentoring.tests.TestCalculator@59f95c5d]" name="division" duration-ms="0" started-at="2018-01-17T07:48:09Z" data-provider="dp" finished-at="2018-01-17T07:48:09Z">
          <params>
            <param index="0">
              <value>
                <![CDATA[10]]>
              </value>
            </param>
            <param index="1">
              <value>
                <![CDATA[2]]>
              </value>
            </param>
          </params>
          <reporter-output>
          </reporter-output>
        </test-method> <!-- division -->
        <test-method status="PASS" signature="afterMethod()[pri:0, instance:com.mentoring.tests.TestCalculator@59f95c5d]" name="afterMethod" is-config="true" duration-ms="0" started-at="2018-01-17T07:48:09Z" finished-at="2018-01-17T07:48:09Z">
          <reporter-output>
          </reporter-output>
        </test-method> <!-- afterMethod -->
        <test-method status="PASS" signature="division(java.lang.Integer, java.lang.Integer)[pri:0, instance:com.mentoring.tests.TestCalculator@59f95c5d]" name="division" duration-ms="0" started-at="2018-01-17T07:48:09Z" data-provider="dp" finished-at="2018-01-17T07:48:09Z">
          <params>
            <param index="0">
              <value>
                <![CDATA[20]]>
              </value>
            </param>
            <param index="1">
              <value>
                <![CDATA[3]]>
              </value>
            </param>
          </params>
          <reporter-output>
          </reporter-output>
        </test-method> <!-- division -->
        <test-method status="PASS" signature="beforeMethod()[pri:0, instance:com.mentoring.tests.TestCalculator@59f95c5d]" name="beforeMethod" is-config="true" duration-ms="0" started-at="2018-01-17T07:48:09Z" finished-at="2018-01-17T07:48:09Z">
          <reporter-output>
          </reporter-output>
        </test-method> <!-- beforeMethod -->
        <test-method status="PASS" signature="afterMethod()[pri:0, instance:com.mentoring.tests.TestCalculator@59f95c5d]" name="afterMethod" is-config="true" duration-ms="0" started-at="2018-01-17T07:48:09Z" finished-at="2018-01-17T07:48:09Z">
          <reporter-output>
          </reporter-output>
        </test-method> <!-- afterMethod -->
        <test-method status="PASS" signature="beforeMethod()[pri:0, instance:com.mentoring.tests.TestCalculator@59f95c5d]" name="beforeMethod" is-config="true" duration-ms="1" started-at="2018-01-17T07:48:09Z" finished-at="2018-01-17T07:48:09Z">
          <reporter-output>
          </reporter-output>
        </test-method> <!-- beforeMethod -->
        <test-method status="PASS" signature="afterMethod()[pri:0, instance:com.mentoring.tests.TestCalculator@59f95c5d]" name="afterMethod" is-config="true" duration-ms="0" started-at="2018-01-17T07:48:09Z" finished-at="2018-01-17T07:48:09Z">
          <reporter-output>
          </reporter-output>
        </test-method> <!-- afterMethod -->
        <test-method status="PASS" signature="divisionByZero()[pri:0, instance:com.mentoring.tests.TestCalculator@59f95c5d]" name="divisionByZero" duration-ms="0" started-at="2018-01-17T07:48:09Z" finished-at="2018-01-17T07:48:09Z">
          <exception class="java.lang.NumberFormatException">
            <message>
              <![CDATA[Attempt to divide by zero]]>
            </message>
            <full-stacktrace>
              <![CDATA[java.lang.NumberFormatException: Attempt to divide by zero
	at com.epam.tat.module4.Calculator.div(Calculator.java:34)
	at com.mentoring.tests.TestCalculator.divisionByZero(TestCalculator.java:49)
	at sun.reflect.NativeMethodAccessorImpl.invoke0(Native Method)
	at sun.reflect.NativeMethodAccessorImpl.invoke(Unknown Source)
	at sun.reflect.DelegatingMethodAccessorImpl.invoke(Unknown Source)
	at java.lang.reflect.Method.invoke(Unknown Source)
	at org.testng.internal.MethodInvocationHelper.invokeMethod(MethodInvocationHelper.java:80)
	at org.testng.internal.Invoker.invokeMethod(Invoker.java:714)
	at org.testng.internal.Invoker.invokeTestMethod(Invoker.java:901)
	at org.testng.internal.Invoker.invokeTestMethods(Invoker.java:1231)
	at org.testng.internal.TestMethodWorker.invokeTestMethods(TestMethodWorker.java:127)
	at org.testng.internal.TestMethodWorker.run(TestMethodWorker.java:111)
	at org.testng.TestRunner.privateRun(TestRunner.java:767)
	at org.testng.TestRunner.run(TestRunner.java:617)
	at org.testng.SuiteRunner.runTest(SuiteRunner.java:334)
	at org.testng.SuiteRunner.runSequentially(SuiteRunner.java:329)
	at org.testng.SuiteRunner.privateRun(SuiteRunner.java:291)
	at org.testng.SuiteRunner.run(SuiteRunner.java:240)
	at org.testng.SuiteRunnerWorker.runSuite(SuiteRunnerWorker.java:52)
	at org.testng.SuiteRunnerWorker.run(SuiteRunnerWorker.java:86)
	at org.testng.TestNG.runSuitesSequentially(TestNG.java:1198)
	at org.testng.TestNG.runSuitesLocally(TestNG.java:1123)
	at org.testng.TestNG.run(TestNG.java:1031)
	at com.mentoring.tests.runner.Runner.main(Runner.java:32)
]]>
            </full-stacktrace>
          </exception> <!-- java.lang.NumberFormatException -->
          <reporter-output>
          </reporter-output>
        </test-method> <!-- divisionByZero -->
        <test-method status="PASS" signature="beforeMethod()[pri:0, instance:com.mentoring.tests.TestCalculator@59f95c5d]" name="beforeMethod" is-config="true" duration-ms="5" started-at="2018-01-17T07:48:09Z" finished-at="2018-01-17T07:48:09Z">
          <reporter-output>
          </reporter-output>
        </test-method> <!-- beforeMethod -->
        <test-method status="PASS" signature="multiplication(java.lang.Integer, java.lang.Integer)[pri:0, instance:com.mentoring.tests.TestCalculator@59f95c5d]" name="multiplication" duration-ms="0" started-at="2018-01-17T07:48:09Z" data-provider="dp" finished-at="2018-01-17T07:48:09Z">
          <params>
            <param index="0">
              <value>
                <![CDATA[10]]>
              </value>
            </param>
            <param index="1">
              <value>
                <![CDATA[2]]>
              </value>
            </param>
          </params>
          <reporter-output>
          </reporter-output>
        </test-method> <!-- multiplication -->
        <test-method status="PASS" signature="afterMethod()[pri:0, instance:com.mentoring.tests.TestCalculator@59f95c5d]" name="afterMethod" is-config="true" duration-ms="1" started-at="2018-01-17T07:48:09Z" finished-at="2018-01-17T07:48:09Z">
          <reporter-output>
          </reporter-output>
        </test-method> <!-- afterMethod -->
        <test-method status="PASS" signature="multiplication(java.lang.Integer, java.lang.Integer)[pri:0, instance:com.mentoring.tests.TestCalculator@59f95c5d]" name="multiplication" duration-ms="0" started-at="2018-01-17T07:48:09Z" data-provider="dp" finished-at="2018-01-17T07:48:09Z">
          <params>
            <param index="0">
              <value>
                <![CDATA[20]]>
              </value>
            </param>
            <param index="1">
              <value>
                <![CDATA[3]]>
              </value>
            </param>
          </params>
          <reporter-output>
          </reporter-output>
        </test-method> <!-- multiplication -->
        <test-method status="PASS" signature="beforeMethod()[pri:0, instance:com.mentoring.tests.TestCalculator@59f95c5d]" name="beforeMethod" is-config="true" duration-ms="0" started-at="2018-01-17T07:48:09Z" finished-at="2018-01-17T07:48:09Z">
          <reporter-output>
          </reporter-output>
        </test-method> <!-- beforeMethod -->
        <test-method status="PASS" signature="afterMethod()[pri:0, instance:com.mentoring.tests.TestCalculator@59f95c5d]" name="afterMethod" is-config="true" duration-ms="0" started-at="2018-01-17T07:48:09Z" finished-at="2018-01-17T07:48:09Z">
          <reporter-output>
          </reporter-output>
        </test-method> <!-- afterMethod -->
        <test-method status="PASS" signature="beforeMethod()[pri:0, instance:com.mentoring.tests.TestCalculator@59f95c5d]" name="beforeMethod" is-config="true" duration-ms="0" started-at="2018-01-17T07:48:09Z" finished-at="2018-01-17T07:48:09Z">
          <reporter-output>
          </reporter-output>
        </test-method> <!-- beforeMethod -->
        <test-method status="PASS" signature="afterMethod()[pri:0, instance:com.mentoring.tests.TestCalculator@59f95c5d]" name="afterMethod" is-config="true" duration-ms="1" started-at="2018-01-17T07:48:09Z" finished-at="2018-01-17T07:48:09Z">
          <reporter-output>
          </reporter-output>
        </test-method> <!-- afterMethod -->
        <test-method status="PASS" signature="squareRoot(java.lang.String)[pri:0, instance:com.mentoring.tests.TestCalculator@59f95c5d]" name="squareRoot" duration-ms="0" started-at="2018-01-17T07:48:09Z" finished-at="2018-01-17T07:48:09Z">
          <params>
            <param index="0">
              <value>
                <![CDATA[49]]>
              </value>
            </param>
          </params>
          <reporter-output>
          </reporter-output>
        </test-method> <!-- squareRoot -->
        <test-method status="PASS" signature="beforeMethod()[pri:0, instance:com.mentoring.tests.TestCalculator@59f95c5d]" name="beforeMethod" is-config="true" duration-ms="1" started-at="2018-01-17T07:48:09Z" finished-at="2018-01-17T07:48:09Z">
          <reporter-output>
          </reporter-output>
        </test-method> <!-- beforeMethod -->
        <test-method status="PASS" signature="afterMethod()[pri:0, instance:com.mentoring.tests.TestCalculator@59f95c5d]" name="afterMethod" is-config="true" duration-ms="0" started-at="2018-01-17T07:48:09Z" finished-at="2018-01-17T07:48:09Z">
          <reporter-output>
          </reporter-output>
        </test-method> <!-- afterMethod -->
        <test-method status="PASS" signature="subtract(java.lang.Integer, java.lang.Integer)[pri:0, instance:com.mentoring.tests.TestCalculator@59f95c5d]" name="subtract" duration-ms="0" started-at="2018-01-17T07:48:09Z" data-provider="dp" finished-at="2018-01-17T07:48:09Z">
          <params>
            <param index="0">
              <value>
                <![CDATA[10]]>
              </value>
            </param>
            <param index="1">
              <value>
                <![CDATA[2]]>
              </value>
            </param>
          </params>
          <reporter-output>
          </reporter-output>
        </test-method> <!-- subtract -->
        <test-method status="PASS" signature="beforeMethod()[pri:0, instance:com.mentoring.tests.TestCalculator@59f95c5d]" name="beforeMethod" is-config="true" duration-ms="1" started-at="2018-01-17T07:48:09Z" finished-at="2018-01-17T07:48:09Z">
          <reporter-output>
          </reporter-output>
        </test-method> <!-- beforeMethod -->
        <test-method status="PASS" signature="subtract(java.lang.Integer, java.lang.Integer)[pri:0, instance:com.mentoring.tests.TestCalculator@59f95c5d]" name="subtract" duration-ms="0" started-at="2018-01-17T07:48:09Z" data-provider="dp" finished-at="2018-01-17T07:48:09Z">
          <params>
            <param index="0">
              <value>
                <![CDATA[20]]>
              </value>
            </param>
            <param index="1">
              <value>
                <![CDATA[3]]>
              </value>
            </param>
          </params>
          <reporter-output>
          </reporter-output>
        </test-method> <!-- subtract -->
        <test-method status="PASS" signature="afterMethod()[pri:0, instance:com.mentoring.tests.TestCalculator@59f95c5d]" name="afterMethod" is-config="true" duration-ms="0" started-at="2018-01-17T07:48:09Z" finished-at="2018-01-17T07:48:09Z">
          <reporter-output>
          </reporter-output>
        </test-method> <!-- afterMethod -->
      </class> <!-- com.mentoring.tests.TestCalculator -->
    </test> <!-- Test -->
  </suite> <!-- Suite -->
</testng-results>
