<?xml version="1.0" encoding="UTF-8"?>
<!-- Generated by org.testng.reporters.JUnitXMLReporter -->
<testsuite hostname="karthik-PC" name="Default test" tests="10" failures="0" timestamp="17 Jan 2018 02:01:38 GMT" time="0.097" errors="0">
  <testcase name="addition" time="0.008" classname="com.mentoring.tests.TestCalculator"/>
  <testcase name="addition" time="0.003" classname="com.mentoring.tests.TestCalculator"/>
  <testcase name="division" time="0.002" classname="com.mentoring.tests.TestCalculator"/>
  <testcase name="division" time="0.002" classname="com.mentoring.tests.TestCalculator"/>
  <testcase name="divisionByZero" time="0.003" classname="com.mentoring.tests.TestCalculator"/>
  <testcase name="multiplication" time="0.002" classname="com.mentoring.tests.TestCalculator"/>
  <testcase name="multiplication" time="0.009" classname="com.mentoring.tests.TestCalculator"/>
  <testcase name="squareRoot" time="0.001" classname="com.mentoring.tests.TestCalculator"/>
  <testcase name="subtract" time="0.002" classname="com.mentoring.tests.TestCalculator"/>
  <testcase name="subtract" time="0.001" classname="com.mentoring.tests.TestCalculator"/>
</testsuite> <!-- Default test -->
